Bluetooth Manager started
Started hcsecd service
Bluetooth service started
Scanned for Bluetooth devices
Bluetooth Manager started
Bluetooth Manager started
hcsecd service already running
Bluetooth service started
Scanned for Bluetooth devices
Bluetooth Manager started
No device selected for connection
Started hcsecd service
Bluetooth service started
Scanned for Bluetooth devices
hcsecd service already running
Bluetooth service started
Scanned for Bluetooth devices
hcsecd service already running
Bluetooth service started
Scanned for Bluetooth devices
